2025-02-08 15:57:35,088 - INFO - All threads started successfully.
2025-02-08 15:57:35,089 - INFO - logging in using static token
2025-02-08 15:57:36,705 - INFO - Shard ID None has connected to Gateway (Session ID: e9f498ded91aab2e319e22e515b873ed).
2025-02-08 15:57:39,105 - ERROR - Thread SubscribeToChannel died. Restarting script...
2025-02-08 15:57:40,398 - INFO - All threads started successfully.
2025-02-08 15:57:40,399 - INFO - logging in using static token
2025-02-08 15:57:42,021 - INFO - Shard ID None has connected to Gateway (Session ID: 0234ef590fa43fb5affd2c30e2a92f79).
2025-02-08 15:57:44,417 - ERROR - Thread SubscribeToChannel died. Restarting script...
2025-02-08 15:57:45,594 - INFO - All threads started successfully.
2025-02-08 15:57:45,595 - INFO - logging in using static token
2025-02-08 15:59:17,498 - INFO - All threads started successfully.
2025-02-08 15:59:17,499 - INFO - logging in using static token
2025-02-08 15:59:19,014 - INFO - Shard ID None has connected to Gateway (Session ID: ac3f2af5936d71333f9a3f96080bfed6).
2025-02-08 15:59:21,515 - ERROR - Thread SubscribeToChannel died. Restarting script...
2025-02-08 15:59:22,720 - INFO - All threads started successfully.
2025-02-08 15:59:22,721 - INFO - logging in using static token
2025-02-08 15:59:24,729 - INFO - Shard ID None has connected to Gateway (Session ID: d621cb44bfcd7495a5cd960f769aac12).
2025-02-08 15:59:26,743 - ERROR - Thread SubscribeToChannel died. Restarting script...
2025-02-08 15:59:28,308 - INFO - All threads started successfully.
2025-02-08 15:59:28,309 - INFO - logging in using static token
2025-02-08 15:59:29,807 - INFO - Shard ID None has connected to Gateway (Session ID: 8ce7e1e8b4fcbaf58c0181176878d252).
2025-02-08 15:59:32,210 - WARNING - We are being rate limited. PUT https://discord.com/api/v10/applications/1279322967410606162/commands responded with 429. Retrying in 19.23 seconds.
2025-02-08 15:59:32,336 - ERROR - Thread SubscribeToChannel died. Restarting script...
2025-02-08 15:59:33,500 - INFO - All threads started successfully.
2025-02-08 15:59:33,501 - INFO - logging in using static token
2025-02-08 15:59:35,141 - INFO - Shard ID None has connected to Gateway (Session ID: da19eb4dbb0276d972a1ba62bb297723).
2025-02-08 16:01:52,877 - INFO - All main threads started successfully.
2025-02-08 16:01:52,878 - INFO - logging in using static token
2025-02-08 16:01:52,893 - INFO - file_cache is only supported with oauth2client<4.0.0
2025-02-08 16:01:54,441 - INFO - Shard ID None has connected to Gateway (Session ID: 4c27c829872ad3a7c2619abeec07f577).
2025-02-08 16:01:55,882 - INFO - SubscribeToChannel thread started successfully.
2025-02-08 16:02:00,888 - ERROR - Thread SubscribeToChannel died. Restarting script...
2025-02-08 16:02:02,060 - INFO - All main threads started successfully.
2025-02-08 16:02:02,061 - INFO - logging in using static token
2025-02-08 19:35:08,640 - INFO - All main threads started successfully.
2025-02-08 19:35:08,641 - INFO - logging in using static token
2025-02-08 19:35:10,138 - INFO - Shard ID None has connected to Gateway (Session ID: 985ba76c06fcf10727d6b548b9ddcf3d).
2025-02-08 19:35:11,651 - INFO - SubscribeToChannel thread started successfully.
